TensorFlow installation not found - running with reduced feature set.
/data/olga/anaconda3/envs/torch_gnn/lib/python3.10/site-packages/tensorboard_data_server/bin/server: /lib64/libc.so.6: version `GLIBC_2.25' not found (required by /data/olga/anaconda3/envs/torch_gnn/lib/python3.10/site-packages/tensorboard_data_server/bin/server)
/data/olga/anaconda3/envs/torch_gnn/lib/python3.10/site-packages/tensorboard_data_server/bin/server: /lib64/libc.so.6: version `GLIBC_2.18' not found (required by /data/olga/anaconda3/envs/torch_gnn/lib/python3.10/site-packages/tensorboard_data_server/bin/server)
/data/olga/anaconda3/envs/torch_gnn/lib/python3.10/site-packages/tensorboard_data_server/bin/server: /lib64/libc.so.6: version `GLIBC_2.29' not found (required by /data/olga/anaconda3/envs/torch_gnn/lib/python3.10/site-packages/tensorboard_data_server/bin/server)
/data/olga/anaconda3/envs/torch_gnn/lib/python3.10/site-packages/tensorboard_data_server/bin/server: /lib64/libc.so.6: version `GLIBC_2.33' not found (required by /data/olga/anaconda3/envs/torch_gnn/lib/python3.10/site-packages/tensorboard_data_server/bin/server)
/data/olga/anaconda3/envs/torch_gnn/lib/python3.10/site-packages/tensorboard_data_server/bin/server: /lib64/libc.so.6: version `GLIBC_2.28' not found (required by /data/olga/anaconda3/envs/torch_gnn/lib/python3.10/site-packages/tensorboard_data_server/bin/server)
/data/olga/anaconda3/envs/torch_gnn/lib/python3.10/site-packages/tensorboard_data_server/bin/server: /lib64/libc.so.6: version `GLIBC_2.34' not found (required by /data/olga/anaconda3/envs/torch_gnn/lib/python3.10/site-packages/tensorboard_data_server/bin/server)
/data/olga/anaconda3/envs/torch_gnn/lib/python3.10/site-packages/tensorboard_data_server/bin/server: /lib64/libc.so.6: version `GLIBC_2.32' not found (required by /data/olga/anaconda3/envs/torch_gnn/lib/python3.10/site-packages/tensorboard_data_server/bin/server)
Serving TensorBoard on localhost; to expose to the network, use a proxy or pass --bind_all
TensorBoard 2.14.0 at http://localhost:6006/ (Press CTRL+C to quit)
W1212 14:57:04.973483 140577868166912 plugin_event_multiplexer.py:267] Deleting accumulator 'pseudo_round1_0.005_200_1/version_3'
W1212 14:57:04.973813 140577868166912 plugin_event_multiplexer.py:267] Deleting accumulator 'round1_0.05_100_1/version_1'
W1212 14:57:04.973888 140577868166912 plugin_event_multiplexer.py:267] Deleting accumulator 'pseudo_clone_round1_0.005_200_1/version_0'
W1212 14:57:04.973942 140577868166912 plugin_event_multiplexer.py:267] Deleting accumulator 'pseudo_embperm_round1_0.005_200_1/version_10'
W1212 14:57:04.973991 140577868166912 plugin_event_multiplexer.py:267] Deleting accumulator 'round1_0.05_100_1/version_0'
W1212 14:57:04.974042 140577868166912 plugin_event_multiplexer.py:267] Deleting accumulator 'pseudo_round1_0.005_100_1/version_0'
W1212 14:57:04.974089 140577868166912 plugin_event_multiplexer.py:267] Deleting accumulator 'pseudo_embperm_round1_0.005_200_1/version_6'
W1212 14:57:04.974135 140577868166912 plugin_event_multiplexer.py:267] Deleting accumulator 'pseudo_embperm_round1_0.05_200_1/version_1'
W1212 14:57:04.974179 140577868166912 plugin_event_multiplexer.py:267] Deleting accumulator 'pseudo_embperm_round1_0.005_200_1/version_2'
W1212 14:57:04.974222 140577868166912 plugin_event_multiplexer.py:267] Deleting accumulator 'pseudo_embperm_round1_0.005_200_1/version_9'
W1212 14:57:04.974266 140577868166912 plugin_event_multiplexer.py:267] Deleting accumulator 'pseudo_embperm_round1_0.005_200_1/version_16'
W1212 14:57:04.974333 140577868166912 plugin_event_multiplexer.py:267] Deleting accumulator 'pseudo_round1_0.005_200_1/version_2'
W1212 14:57:04.974381 140577868166912 plugin_event_multiplexer.py:267] Deleting accumulator 'pseudo_round1_0.0001_200_1/version_0'
W1212 14:57:04.974430 140577868166912 plugin_event_multiplexer.py:267] Deleting accumulator 'pseudo_round1_0.005_300_1/version_0'
W1212 14:57:04.974489 140577868166912 plugin_event_multiplexer.py:267] Deleting accumulator 'pseudo_round1_0.005_200_1/version_1'
W1212 14:57:04.974531 140577868166912 plugin_event_multiplexer.py:267] Deleting accumulator 'pseudo_embperm_round1_0.005_200_1/version_0'
W1212 14:57:04.974586 140577868166912 plugin_event_multiplexer.py:267] Deleting accumulator 'pseudo_embperm_round1_0.005_200_1/version_11'
W1212 14:57:04.974635 140577868166912 plugin_event_multiplexer.py:267] Deleting accumulator 'pseudo_embperm_round1_0.005_200_1/version_8'
W1212 14:57:04.974681 140577868166912 plugin_event_multiplexer.py:267] Deleting accumulator 'pseudo_embperm_round1_0.05_200_1/version_3'
W1212 14:57:04.974725 140577868166912 plugin_event_multiplexer.py:267] Deleting accumulator 'pseudo_embperm_round1_0.005_200_1/version_18'
W1212 14:57:04.974770 140577868166912 plugin_event_multiplexer.py:267] Deleting accumulator 'pseudo_embperm_round1_0.005_200_1/version_1'
W1212 14:57:04.974818 140577868166912 plugin_event_multiplexer.py:267] Deleting accumulator 'pseudo_round1_0.005_300_1/version_1'
W1212 14:57:04.974864 140577868166912 plugin_event_multiplexer.py:267] Deleting accumulator 'pseudo_clone_round1_0.05_200_1/version_1'
W1212 14:57:04.974909 140577868166912 plugin_event_multiplexer.py:267] Deleting accumulator 'pseudo_embperm_round1_0.005_200_1/version_4'
W1212 14:57:04.974953 140577868166912 plugin_event_multiplexer.py:267] Deleting accumulator 'pseudo_embperm_round1_0.005_200_1/version_14'
W1212 14:57:04.974996 140577868166912 plugin_event_multiplexer.py:267] Deleting accumulator 'pseudo_round1_0.005_200_1/version_0'
W1212 14:57:04.975039 140577868166912 plugin_event_multiplexer.py:267] Deleting accumulator 'pseudo_embperm_round1_0.005_200_1/version_7'
W1212 14:57:04.975084 140577868166912 plugin_event_multiplexer.py:267] Deleting accumulator 'pseudo_embperm_round1_0.005_200_1/version_12'
W1212 14:57:04.975128 140577868166912 plugin_event_multiplexer.py:267] Deleting accumulator 'pseudo_embperm_round1_0.005_200_1/version_5'
W1212 14:57:04.975173 140577868166912 plugin_event_multiplexer.py:267] Deleting accumulator 'pseudo_embperm_round1_0.05_200_1/version_0'
W1212 14:57:04.975217 140577868166912 plugin_event_multiplexer.py:267] Deleting accumulator 'round2_0.05_100_1/version_0'
W1212 14:57:04.975261 140577868166912 plugin_event_multiplexer.py:267] Deleting accumulator 'pseudo_embperm_round1_0.005_200_1/version_13'
W1212 14:57:04.975310 140577868166912 plugin_event_multiplexer.py:267] Deleting accumulator 'pseudo_embperm_round1_0.05_200_1/version_2'
W1212 14:57:04.975346 140577868166912 plugin_event_multiplexer.py:267] Deleting accumulator 'pseudo_embperm_round1_0.005_200_1/version_15'
W1212 14:57:04.975367 140577868166912 plugin_event_multiplexer.py:267] Deleting accumulator 'pseudo_embperm_round1_0.005_200_1/version_3'
W1212 14:57:04.975389 140577868166912 plugin_event_multiplexer.py:267] Deleting accumulator 'pseudo_embperm_round1_0.005_200_1/version_17'
W1212 14:57:04.975410 140577868166912 plugin_event_multiplexer.py:267] Deleting accumulator 'pseudo_embperm_round1_0.005_200_1/version_19'
W1212 14:57:04.975432 140577868166912 plugin_event_multiplexer.py:267] Deleting accumulator 'pseudo_clone_round1_0.05_200_1/version_0'
W1212 14:57:04.975454 140577868166912 plugin_event_multiplexer.py:267] Deleting accumulator 'pseudo_round1_0.005_250_1/version_0'
W1212 14:57:04.975476 140577868166912 plugin_event_multiplexer.py:267] Deleting accumulator 'pseudo_embperm_round1_0.05_200_1/version_4'
